mode: set
github.com/Saffica/image-storage/internal/usecase/usecase.go:42.15,49.2 1 1
github.com/Saffica/image-storage/internal/usecase/usecase.go:51.80,53.16 2 1
github.com/Saffica/image-storage/internal/usecase/usecase.go:53.16,55.3 1 1
github.com/Saffica/image-storage/internal/usecase/usecase.go:57.2,58.9 2 1
github.com/Saffica/image-storage/internal/usecase/usecase.go:59.18,59.18 0 1
github.com/Saffica/image-storage/internal/usecase/usecase.go:60.50,65.17 3 1
github.com/Saffica/image-storage/internal/usecase/usecase.go:65.17,67.4 1 1
github.com/Saffica/image-storage/internal/usecase/usecase.go:69.3,69.18 1 1
github.com/Saffica/image-storage/internal/usecase/usecase.go:70.10,71.18 1 1
github.com/Saffica/image-storage/internal/usecase/usecase.go:74.2,76.46 3 1
github.com/Saffica/image-storage/internal/usecase/usecase.go:76.46,78.17 2 1
github.com/Saffica/image-storage/internal/usecase/usecase.go:78.17,80.4 1 1
github.com/Saffica/image-storage/internal/usecase/usecase.go:82.3,82.18 1 1
github.com/Saffica/image-storage/internal/usecase/usecase.go:85.2,85.47 1 1
github.com/Saffica/image-storage/internal/usecase/usecase.go:85.47,87.3 1 1
github.com/Saffica/image-storage/internal/usecase/usecase.go:89.2,90.16 2 1
github.com/Saffica/image-storage/internal/usecase/usecase.go:90.16,92.3 1 1
github.com/Saffica/image-storage/internal/usecase/usecase.go:94.2,94.57 1 1
github.com/Saffica/image-storage/internal/usecase/usecase.go:94.57,96.17 2 1
github.com/Saffica/image-storage/internal/usecase/usecase.go:96.17,98.4 1 1
github.com/Saffica/image-storage/internal/usecase/usecase.go:101.2,101.25 1 1
github.com/Saffica/image-storage/internal/usecase/usecase.go:106.3,108.16 2 1
github.com/Saffica/image-storage/internal/usecase/usecase.go:108.16,110.3 1 1
github.com/Saffica/image-storage/internal/usecase/usecase.go:112.2,113.16 2 1
github.com/Saffica/image-storage/internal/usecase/usecase.go:113.16,115.3 1 1
github.com/Saffica/image-storage/internal/usecase/usecase.go:117.2,117.24 1 1
github.com/Saffica/image-storage/internal/usecase/usecase.go:122.3,125.29 2 1
github.com/Saffica/image-storage/internal/usecase/usecase.go:125.29,127.17 2 1
github.com/Saffica/image-storage/internal/usecase/usecase.go:127.17,129.4 1 1
github.com/Saffica/image-storage/internal/usecase/usecase.go:132.2,132.15 1 1
github.com/Saffica/image-storage/internal/usecase/usecase.go:132.15,134.17 2 1
github.com/Saffica/image-storage/internal/usecase/usecase.go:134.17,136.4 1 1
github.com/Saffica/image-storage/internal/usecase/usecase.go:136.9,138.4 1 1
github.com/Saffica/image-storage/internal/usecase/usecase.go:140.3,141.23 2 1
github.com/Saffica/image-storage/internal/usecase/usecase.go:141.23,143.4 1 1
github.com/Saffica/image-storage/internal/usecase/usecase.go:147.2,148.16 2 1
github.com/Saffica/image-storage/internal/usecase/usecase.go:148.16,150.3 1 1
github.com/Saffica/image-storage/internal/usecase/usecase.go:152.2,153.16 2 1
github.com/Saffica/image-storage/internal/usecase/usecase.go:153.16,155.3 1 1
github.com/Saffica/image-storage/internal/usecase/usecase.go:157.2,158.16 2 1
github.com/Saffica/image-storage/internal/usecase/usecase.go:158.16,160.3 1 1
github.com/Saffica/image-storage/internal/usecase/usecase.go:162.2,162.23 1 1
github.com/Saffica/image-storage/internal/server/server.go:30.63,35.2 1 1
github.com/Saffica/image-storage/internal/server/server.go:37.39,45.42 4 1
github.com/Saffica/image-storage/internal/server/server.go:45.42,47.3 1 1
github.com/Saffica/image-storage/internal/server/server.go:49.2,49.12 1 0
github.com/Saffica/image-storage/internal/server/server.go:52.26,56.16 4 1
github.com/Saffica/image-storage/internal/server/server.go:56.16,58.3 1 0
github.com/Saffica/image-storage/internal/server/server.go:59.2,59.14 1 1
github.com/Saffica/image-storage/internal/server/server.go:62.42,68.16 3 1
github.com/Saffica/image-storage/internal/server/server.go:68.16,71.3 2 1
github.com/Saffica/image-storage/internal/server/server.go:73.2,74.39 2 1
github.com/Saffica/image-storage/internal/server/server.go:74.39,77.3 2 1
github.com/Saffica/image-storage/internal/server/server.go:79.2,79.45 1 1
github.com/Saffica/image-storage/internal/server/server.go:79.45,82.3 2 1
github.com/Saffica/image-storage/internal/server/server.go:84.2,84.16 1 1
github.com/Saffica/image-storage/internal/server/server.go:84.16,87.3 2 1
github.com/Saffica/image-storage/internal/server/server.go:89.2,91.61 3 1
